#
# There is insufficient memory for the Java Runtime Environment to continue.
# Native memory allocation (malloc) failed to allocate 2197456 bytes for Chunk::new
# Possible reasons:
#   The system is out of physical RAM or swap space
#   The process is running with CompressedOops enabled, and the Java Heap may be blocking the growth of the native heap
# Possible solutions:
#   Reduce memory load on the system
#   Increase physical memory or swap space
#   Check if swap backing store is full
#   Decrease Java heap size (-Xmx/-Xms)
#   Decrease number of Java threads
#   Decrease Java thread stack sizes (-Xss)
#   Set larger code cache with -XX:ReservedCodeCacheSize=
#   JVM is running with Unscaled Compressed Oops mode in which the Java heap is
#     placed in the first 4GB address space. The Java Heap base address is the
#     maximum limit for the native heap growth. Please use -XX:HeapBaseMinAddress
#     to set the Java Heap base and to place the Java Heap above 4GB virtual address.
# This output file may be truncated or incomplete.
#
#  Out of Memory Error (allocation.cpp:389), pid=18464, tid=0x00000000000015fc
#
# JRE version: Java(TM) SE Runtime Environment (8.0_333-b02) (build 1.8.0_333-b02)
# Java VM: Java HotSpot(TM) 64-Bit Server VM (25.333-b02 mixed mode windows-amd64 compressed oops)
# Failed to write core dump. Minidumps are not enabled by default on client versions of Windows
#

---------------  T H R E A D  ---------------

Current thread (0x00000249f5bc1000):  JavaThread "C2 CompilerThread0" daemon [_thread_in_native, id=5628, stack(0x00000052f2a00000,0x00000052f2b00000)]

Stack: [0x00000052f2a00000,0x00000052f2b00000]
Native frames: (J=compiled Java code, j=interpreted, Vv=VM code, C=native code)
V  [jvm.dll+0x32fc49]
V  [jvm.dll+0x2761a2]
V  [jvm.dll+0x276e4d]
V  [jvm.dll+0x26d7f5]
V  [jvm.dll+0xd5a0c]
V  [jvm.dll+0xd620c]
V  [jvm.dll+0x4716f5]
V  [jvm.dll+0x438f18]
V  [jvm.dll+0x441d65]
V  [jvm.dll+0x441125]
V  [jvm.dll+0x42becb]
V  [jvm.dll+0xac68b]
V  [jvm.dll+0xaaceb]
V  [jvm.dll+0x23e6f2]
V  [jvm.dll+0x292edc]
C  [ucrtbase.dll+0x21bb2]
C  [KERNEL32.DLL+0x17034]
C  [ntdll.dll+0x52651]


Current CompileTask:
C2:  24917 2470       4       java.net.URLClassLoader$1::run (5 bytes)


---------------  P R O C E S S  ---------------

Java Threads: ( => current thread )
  0x00000249fa547800 JavaThread "AsyncHttpClient-1-7" daemon [_thread_in_native, id=15240, stack(0x00000052f4200000,0x00000052f4300000)]
  0x00000249fa54b800 JavaThread "AsyncHttpClient-1-6" daemon [_thread_in_native, id=9108, stack(0x00000052f4100000,0x00000052f4200000)]
  0x00000249fa543000 JavaThread "AsyncHttpClient-1-5" daemon [_thread_in_native, id=18692, stack(0x00000052f4000000,0x00000052f4100000)]
  0x00000249fa546000 JavaThread "Exec Stream Pumper" daemon [_thread_in_native, id=15316, stack(0x00000052f3e00000,0x00000052f3f00000)]
  0x00000249fa542800 JavaThread "Exec Stream Pumper" daemon [_thread_in_native, id=12956, stack(0x00000052f3d00000,0x00000052f3e00000)]
  0x00000249f8743000 JavaThread "ForkJoinPool.commonPool-worker-3" daemon [_thread_blocked, id=15988, stack(0x00000052f3c00000,0x00000052f3d00000)]
  0x00000249f8746000 JavaThread "Exec Default Executor" daemon [_thread_in_native, id=18500, stack(0x00000052f3b00000,0x00000052f3c00000)]
  0x00000249f8743800 JavaThread "AsyncHttpClient-1-4" daemon [_thread_in_native, id=13840, stack(0x00000052f3a00000,0x00000052f3b00000)]
  0x00000249f8745000 JavaThread "AsyncHttpClient-1-3" daemon [_thread_in_native, id=11312, stack(0x00000052f3800000,0x00000052f3900000)]
  0x00000249f8744800 JavaThread "AsyncHttpClient-1-2" daemon [_thread_in_native, id=19384, stack(0x00000052f3900000,0x00000052f3a00000)]
  0x00000249f819d800 JavaThread "Exec Stream Pumper" daemon [_thread_in_native, id=20088, stack(0x00000052f3700000,0x00000052f3800000)]
  0x00000249f7b2f800 JavaThread "Exec Stream Pumper" daemon [_thread_in_native, id=4412, stack(0x00000052f3600000,0x00000052f3700000)]
  0x00000249f7b30000 JavaThread "UrlChecker-2" daemon [_thread_blocked, id=18416, stack(0x00000052f3400000,0x00000052f3500000)]
  0x00000249f7468800 JavaThread "ForkJoinPool.commonPool-worker-2" daemon [_thread_blocked, id=6344, stack(0x00000052f3300000,0x00000052f3400000)]
  0x00000249f75e7800 JavaThread "Exec Default Executor" daemon [_thread_in_native, id=13320, stack(0x00000052f3200000,0x00000052f3300000)]
  0x00000249f7745800 JavaThread "netty-client-timer-3-1" daemon [_thread_blocked, id=19684, stack(0x00000052f3100000,0x00000052f3200000)]
  0x00000249f7cdf000 JavaThread "AsyncHttpClient-1-1" daemon [_thread_blocked, id=19860, stack(0x00000052f3000000,0x00000052f3100000)]
  0x00000249f8155800 JavaThread "ForkJoinPool.commonPool-worker-1" daemon [_thread_blocked, id=11176, stack(0x00000052f2f00000,0x00000052f3000000)]
  0x00000249f5c3e800 JavaThread "Service Thread" daemon [_thread_blocked, id=14880, stack(0x00000052f2d00000,0x00000052f2e00000)]
  0x00000249f5bd8000 JavaThread "C1 CompilerThread2" daemon [_thread_blocked, id=16472, stack(0x00000052f2c00000,0x00000052f2d00000)]
  0x00000249f5bc6000 JavaThread "C2 CompilerThread1" daemon [_thread_blocked, id=19844, stack(0x00000052f2b00000,0x00000052f2c00000)]
=>0x00000249f5bc1000 JavaThread "C2 CompilerThread0" daemon [_thread_in_native, id=5628, stack(0x00000052f2a00000,0x00000052f2b00000)]
  0x00000249f5bbc000 JavaThread "Monitor Ctrl-Break" daemon [_thread_in_native, id=18480, stack(0x00000052f2900000,0x00000052f2a00000)]
  0x00000249f5b58000 JavaThread "Attach Listener" daemon [_thread_blocked, id=18028, stack(0x00000052f2800000,0x00000052f2900000)]
  0x00000249f5b56800 JavaThread "Signal Dispatcher" daemon [_thread_blocked, id=12184, stack(0x00000052f2700000,0x00000052f2800000)]
  0x00000249f0e49800 JavaThread "Finalizer" daemon [_thread_blocked, id=20424, stack(0x00000052f2600000,0x00000052f2700000)]
  0x00000249f5b34800 JavaThread "Reference Handler" daemon [_thread_blocked, id=5008, stack(0x00000052f2500000,0x00000052f2600000)]
  0x00000249f0dae000 JavaThread "Forwarding maximizeCurrentWindow on session 99b1959134f01b6abdebf71a9b6165f0 to remote" [_thread_blocked, id=4888, stack(0x00000052f1f00000,0x00000052f2000000)]

Other Threads:
  0x00000249f0e39800 VMThread [stack: 0x00000052f2400000,0x00000052f2500000] [id=908]
  0x00000249f6cdd000 WatcherThread [stack: 0x00000052f2e00000,0x00000052f2f00000] [id=9744]

VM state:not at safepoint (normal execution)

VM Mutex/Monitor currently owned by a thread: None

OutOfMemory and StackOverflow Exception counts:
OutOfMemoryError java_heap_errors=2

heap address: 0x00000000c2000000, size: 992 MB, Compressed Oops mode: 32-bit
Narrow klass base: 0x0000000000000000, Narrow klass shift: 3
Compressed class space size: 1073741824 Address: 0x0000000100000000

Heap:
 PSYoungGen      total 89088K, used 70315K [0x00000000eb580000, 0x00000000f2480000, 0x0000000100000000)
  eden space 81408K, 77% used [0x00000000eb580000,0x00000000ef2e0998,0x00000000f0500000)
  from space 7680K, 97% used [0x00000000f1d00000,0x00000000f244a450,0x00000000f2480000)
  to   space 8704K, 0% used [0x00000000f1380000,0x00000000f1380000,0x00000000f1c00000)
 ParOldGen       total 32768K, used 7289K [0x00000000c2000000, 0x00000000c4000000, 0x00000000eb580000)
  object space 32768K, 22% used [0x00000000c2000000,0x00000000c271e648,0x00000000c4000000)
 Metaspace       used 31483K, capacity 33002K, committed 33152K, reserved 1077248K
  class space    used 4112K, capacity 4455K, committed 4480K, reserved 1048576K

Card table byte_map: [0x00000249f2b00000,0x00000249f2d00000] byte_map_base: 0x00000249f24f0000

Marking Bits: (ParMarkBitMap*) 0x0000000054b09030
 Begin Bits: [0x00000249f2e50000, 0x00000249f3dd0000)
 End Bits:   [0x00000249f3dd0000, 0x00000249f4d50000)

Polling page: 0x00000249f10f0000

CodeCache: size=245760Kb used=7274Kb max_used=7683Kb free=238485Kb
 bounds [0x0000024980000000, 0x00000249807a0000, 0x000002498f000000]
 total_blobs=2725 nmethods=2223 adapters=414
 compilation: enabled

Compilation events (10 events):
Event: 24.607 Thread 0x00000249f5bd8000 2513       3       java.util.stream.ReduceOps$ReduceOp::<init> (10 bytes)
Event: 24.607 Thread 0x00000249f5bd8000 nmethod 2513 0x00000249803aca10 code [0x00000249803acb60, 0x00000249803acd38]
Event: 24.607 Thread 0x00000249f5bd8000 2514       3       java.util.regex.Pattern$Dollar::match (209 bytes)
Event: 24.608 Thread 0x00000249f5bd8000 nmethod 2514 0x0000024980370c50 code [0x0000024980370e60, 0x0000024980371b40]
Event: 24.609 Thread 0x00000249f5bd8000 2515       3       io.netty.util.internal.PlatformDependent::getInt (6 bytes)
Event: 24.609 Thread 0x00000249f5bd8000 nmethod 2515 0x00000249803ac650 code [0x00000249803ac7a0, 0x00000249803ac938]
Event: 24.609 Thread 0x00000249f5bd8000 2516       3       io.netty.util.internal.PlatformDependent0::getInt (9 bytes)
Event: 24.609 Thread 0x00000249f5bd8000 nmethod 2516 0x00000249803708d0 code [0x0000024980370a20, 0x0000024980370b58]
Event: 24.609 Thread 0x00000249f5bd8000 2517       3       java.io.FilterInputStream::read (11 bytes)
Event: 24.609 Thread 0x00000249f5bd8000 nmethod 2517 0x00000249803ac110 code [0x00000249803ac280, 0x00000249803ac4b0]

GC Heap History (10 events):
Event: 4.712 GC heap before
{Heap before GC invocations=7 (full 0):
 PSYoungGen      total 35840K, used 35816K [0x00000000eb580000, 0x00000000ee080000, 0x0000000100000000)
  eden space 30720K, 100% used [0x00000000eb580000,0x00000000ed380000,0x00000000ed380000)
  from space 5120K, 99% used [0x00000000ed980000,0x00000000ede7a1d0,0x00000000ede80000)
  to   space 6144K, 0% used [0x00000000ed380000,0x00000000ed380000,0x00000000ed980000)
 ParOldGen       total 42496K, used 4752K [0x00000000c2000000, 0x00000000c4980000, 0x00000000eb580000)
  object space 42496K, 11% used [0x00000000c2000000,0x00000000c24a4140,0x00000000c4980000)
 Metaspace       used 18264K, capacity 19018K, committed 19328K, reserved 1067008K
  class space    used 2215K, capacity 2411K, committed 2432K, reserved 1048576K
Event: 4.723 GC heap after
Heap after GC invocations=7 (full 0):
 PSYoungGen      total 36864K, used 6121K [0x00000000eb580000, 0x00000000f0080000, 0x0000000100000000)
  eden space 30720K, 0% used [0x00000000eb580000,0x00000000eb580000,0x00000000ed380000)
  from space 6144K, 99% used [0x00000000ed380000,0x00000000ed97a5e0,0x00000000ed980000)
  to   space 7680K, 0% used [0x00000000ef900000,0x00000000ef900000,0x00000000f0080000)
 ParOldGen       total 42496K, used 6467K [0x00000000c2000000, 0x00000000c4980000, 0x00000000eb580000)
  object space 42496K, 15% used [0x00000000c2000000,0x00000000c2650f58,0x00000000c4980000)
 Metaspace       used 18264K, capacity 19018K, committed 19328K, reserved 1067008K
  class space    used 2215K, capacity 2411K, committed 2432K, reserved 1048576K
}
Event: 5.164 GC heap before
{Heap before GC invocations=8 (full 0):
 PSYoungGen      total 36864K, used 36841K [0x00000000eb580000, 0x00000000f0080000, 0x0000000100000000)
  eden space 30720K, 100% used [0x00000000eb580000,0x00000000ed380000,0x00000000ed380000)
  from space 6144K, 99% used [0x00000000ed380000,0x00000000ed97a5e0,0x00000000ed980000)
  to   space 7680K, 0% used [0x00000000ef900000,0x00000000ef900000,0x00000000f0080000)
 ParOldGen       total 42496K, used 6467K [0x00000000c2000000, 0x00000000c4980000, 0x00000000eb580000)
  object space 42496K, 15% used [0x00000000c2000000,0x00000000c2650f58,0x00000000c4980000)
 Metaspace       used 19819K, capacity 20612K, committed 20864K, reserved 1067008K
  class space    used 2456K, capacity 2644K, committed 2688K, reserved 1048576K
Event: 5.173 GC heap after
Heap after GC invocations=8 (full 0):
 PSYoungGen      total 68608K, used 5765K [0x00000000eb580000, 0x00000000f0180000, 0x0000000100000000)
  eden space 60928K, 0% used [0x00000000eb580000,0x00000000eb580000,0x00000000ef100000)
  from space 7680K, 75% used [0x00000000ef900000,0x00000000efea1580,0x00000000f0080000)
  to   space 8192K, 0% used [0x00000000ef100000,0x00000000ef100000,0x00000000ef900000)
 ParOldGen       total 42496K, used 7175K [0x00000000c2000000, 0x00000000c4980000, 0x00000000eb580000)
  object space 42496K, 16% used [0x00000000c2000000,0x00000000c2701f88,0x00000000c4980000)
 Metaspace       used 19819K, capacity 20612K, committed 20864K, reserved 1067008K
  class space    used 2456K, capacity 2644K, committed 2688K, reserved 1048576K
}
Event: 5.468 GC heap before
{Heap before GC invocations=9 (full 0):
 PSYoungGen      total 68608K, used 19726K [0x00000000eb580000, 0x00000000f0180000, 0x0000000100000000)
  eden space 60928K, 22% used [0x00000000eb580000,0x00000000ec3225f8,0x00000000ef100000)
  from space 7680K, 75% used [0x00000000ef900000,0x00000000efea1580,0x00000000f0080000)
  to   space 8192K, 0% used [0x00000000ef100000,0x00000000ef100000,0x00000000ef900000)
 ParOldGen       total 42496K, used 7175K [0x00000000c2000000, 0x00000000c4980000, 0x00000000eb580000)
  object space 42496K, 16% used [0x00000000c2000000,0x00000000c2701f88,0x00000000c4980000)
 Metaspace       used 20288K, capacity 21044K, committed 21248K, reserved 1067008K
  class space    used 2509K, capacity 2718K, committed 2816K, reserved 1048576K
Event: 5.475 GC heap after
Heap after GC invocations=9 (full 0):
 PSYoungGen      total 69120K, used 2729K [0x00000000eb580000, 0x00000000f2500000, 0x0000000100000000)
  eden space 60928K, 0% used [0x00000000eb580000,0x00000000eb580000,0x00000000ef100000)
  from space 8192K, 33% used [0x00000000ef100000,0x00000000ef3aa618,0x00000000ef900000)
  to   space 8192K, 0% used [0x00000000f1d00000,0x00000000f1d00000,0x00000000f2500000)
 ParOldGen       total 42496K, used 9039K [0x00000000c2000000, 0x00000000c4980000, 0x00000000eb580000)
  object space 42496K, 21% used [0x00000000c2000000,0x00000000c28d3f88,0x00000000c4980000)
 Metaspace       used 20288K, capacity 21044K, committed 21248K, reserved 1067008K
  class space    used 2509K, capacity 2718K, committed 2816K, reserved 1048576K
}
Event: 5.475 GC heap before
{Heap before GC invocations=10 (full 1):
 PSYoungGen      total 69120K, used 2729K [0x00000000eb580000, 0x00000000f2500000, 0x0000000100000000)
  eden space 60928K, 0% used [0x00000000eb580000,0x00000000eb580000,0x00000000ef100000)
  from space 8192K, 33% used [0x00000000ef100000,0x00000000ef3aa618,0x00000000ef900000)
  to   space 8192K, 0% used [0x00000000f1d00000,0x00000000f1d00000,0x00000000f2500000)
 ParOldGen       total 42496K, used 9039K [0x00000000c2000000, 0x00000000c4980000, 0x00000000eb580000)
  object space 42496K, 21% used [0x00000000c2000000,0x00000000c28d3f88,0x00000000c4980000)
 Metaspace       used 20288K, capacity 21044K, committed 21248K, reserved 1067008K
  class space    used 2509K, capacity 2718K, committed 2816K, reserved 1048576K
Event: 5.532 GC heap after
Heap after GC invocations=10 (full 1):
 PSYoungGen      total 69120K, used 0K [0x00000000eb580000, 0x00000000f2500000, 0x0000000100000000)
  eden space 60928K, 0% used [0x00000000eb580000,0x00000000eb580000,0x00000000ef100000)
  from space 8192K, 0% used [0x00000000ef100000,0x00000000ef100000,0x00000000ef900000)
  to   space 8192K, 0% used [0x00000000f1d00000,0x00000000f1d00000,0x00000000f2500000)
 ParOldGen       total 32768K, used 7281K [0x00000000c2000000, 0x00000000c4000000, 0x00000000eb580000)
  object space 32768K, 22% used [0x00000000c2000000,0x00000000c271c648,0x00000000c4000000)
 Metaspace       used 20288K, capacity 21044K, committed 21248K, reserved 1067008K
  class space    used 2509K, capacity 2718K, committed 2816K, reserved 1048576K
}
Event: 8.979 GC heap before
{Heap before GC invocations=11 (full 1):
 PSYoungGen      total 69120K, used 60928K [0x00000000eb580000, 0x00000000f2500000, 0x0000000100000000)
  eden space 60928K, 100% used [0x00000000eb580000,0x00000000ef100000,0x00000000ef100000)
  from space 8192K, 0% used [0x00000000ef100000,0x00000000ef100000,0x00000000ef900000)
  to   space 8192K, 0% used [0x00000000f1d00000,0x00000000f1d00000,0x00000000f2500000)
 ParOldGen       total 32768K, used 7281K [0x00000000c2000000, 0x00000000c4000000, 0x00000000eb580000)
  object space 32768K, 22% used [0x00000000c2000000,0x00000000c271c648,0x00000000c4000000)
 Metaspace       used 29096K, capacity 30344K, committed 30464K, reserved 1075200K
  class space    used 3772K, capacity 4092K, committed 4096K, reserved 1048576K
Event: 8.994 GC heap after
Heap after GC invocations=11 (full 1):
 PSYoungGen      total 89088K, used 7465K [0x00000000eb580000, 0x00000000f2480000, 0x0000000100000000)
  eden space 81408K, 0% used [0x00000000eb580000,0x00000000eb580000,0x00000000f0500000)
  from space 7680K, 97% used [0x00000000f1d00000,0x00000000f244a450,0x00000000f2480000)
  to   space 8704K, 0% used [0x00000000f1380000,0x00000000f1380000,0x00000000f1c00000)
 ParOldGen       total 32768K, used 7289K [0x00000000c2000000, 0x00000000c4000000, 0x00000000eb580000)
  object space 32768K, 22% used [0x00000000c2000000,0x00000000c271e648,0x00000000c4000000)
 Metaspace       used 29096K, capacity 30344K, committed 30464K, reserved 1075200K
  class space    used 3772K, capacity 4092K, committed 4096K, reserved 1048576K
}

Deoptimization events (10 events):
Event: 16.636 Thread 0x00000249f0dae000 Uncommon trap: reason=class_check action=maybe_recompile pc=0x00000249801e4864 method=java.io.DataInputStream.readChar()C @ 4
Event: 16.636 Thread 0x00000249f0dae000 Uncommon trap: reason=class_check action=maybe_recompile pc=0x00000249801e4864 method=java.io.DataInputStream.readChar()C @ 4
Event: 17.252 Thread 0x00000249f0dae000 Uncommon trap: reason=unstable_if action=reinterpret pc=0x000002498011adb4 method=sun.text.normalizer.Trie.getCodePointOffset(I)I @ 9
Event: 17.252 Thread 0x00000249f0dae000 Uncommon trap: reason=unstable_if action=reinterpret pc=0x000002498011aa50 method=sun.text.normalizer.Trie.getCodePointOffset(I)I @ 9
Event: 17.309 Thread 0x00000249f0dae000 Uncommon trap: reason=unstable_if action=reinterpret pc=0x00000249803f7870 method=java.lang.Character.isHighSurrogate(C)Z @ 3
Event: 17.309 Thread 0x00000249f0dae000 Uncommon trap: reason=unstable_if action=reinterpret pc=0x0000024980673518 method=java.lang.Character.isHighSurrogate(C)Z @ 3
Event: 17.311 Thread 0x00000249f0dae000 Uncommon trap: reason=unstable_if action=reinterpret pc=0x00000249804b91d0 method=sun.text.UCompactIntArray.elementAt(I)I @ 14
Event: 17.365 Thread 0x00000249f0dae000 Uncommon trap: reason=unstable_if action=reinterpret pc=0x00000249805472e4 method=java.util.regex.Pattern$Curly.match(Ljava/util/regex/Matcher;ILjava/lang/CharSequence;)Z @ 45
Event: 17.375 Thread 0x00000249f0dae000 Uncommon trap: reason=unstable_if action=reinterpret pc=0x0000024980129040 method=java.lang.CharacterData.of(I)Ljava/lang/CharacterData; @ 4
Event: 17.398 Thread 0x00000249f0dae000 Uncommon trap: reason=unstable_if action=reinterpret pc=0x00000249802e9388 method=java.util.regex.Pattern$CharProperty.match(Ljava/util/regex/Matcher;ILjava/lang/CharSequence;)Z @ 40

Classes redefined (0 events):
No events

Internal exceptions (10 events):
Event: 8.079 Thread 0x00000249f0dae000 Exception <a 'java/lang/NoSuchMethodError': java.lang.Object.lambda$or$2(Ljava/util/function/Predicate;Ljava/lang/Object;)Z> (0x00000000ed720550) thrown at [C:\jenkins\workspace\8-2-build-windows-amd64-cygwin\jdk8u333\2551\hotspot\src\share\vm\interpreter
Event: 8.158 Thread 0x00000249f0dae000 Exception <a 'java/lang/NoSuchMethodError': java.lang.Object.lambda$chars$0()Ljava/util/Spliterator$OfInt;> (0x00000000ed9a6508) thrown at [C:\jenkins\workspace\8-2-build-windows-amd64-cygwin\jdk8u333\2551\hotspot\src\share\vm\interpreter\linkResolver.cpp
Event: 14.508 Thread 0x00000249f8744800 Implicit null exception at 0x00000249806373c5 to 0x0000024980639845
Event: 15.730 Thread 0x00000249f0dae000 Exception <a 'java/lang/NoSuchMethodError': java.lang.Object.lambda$getResponseFunction$0(Lorg/openqa/selenium/remote/InitialHandshakeResponse;)Lorg/openqa/selenium/remote/ProtocolHandshake$Result;> (0x00000000ecdffe18) thrown at [C:\jenkins\workspace\8-2
Event: 16.145 Thread 0x00000249f8743800 Exception <a 'java/lang/OutOfMemoryError'> (0x00000000ed258e60) thrown at [C:\jenkins\workspace\8-2-build-windows-amd64-cygwin\jdk8u333\2551\hotspot\src\share\vm\prims\unsafe.cpp, line 618]
Event: 16.146 Thread 0x00000249f8743800 Exception <a 'java/lang/OutOfMemoryError'> (0x00000000ed258e60) thrown at [C:\jenkins\workspace\8-2-build-windows-amd64-cygwin\jdk8u333\2551\hotspot\src\share\vm\prims\jni.cpp, line 710]
Event: 16.159 Thread 0x00000249f0dae000 Exception <a 'java/lang/reflect/InvocationTargetException'> (0x00000000ed15d490) thrown at [C:\jenkins\workspace\8-2-build-windows-amd64-cygwin\jdk8u333\2551\hotspot\src\share\vm\runtime\reflection.cpp, line 1092]
Event: 18.763 Thread 0x00000249f7b30000 Exception <a 'java/net/SocketTimeoutException': connect timed out> (0x00000000eda7e070) thrown at [C:\jenkins\workspace\8-2-build-windows-amd64-cygwin\jdk8u333\2551\hotspot\src\share\vm\prims\jni.cpp, line 737]
Event: 19.304 Thread 0x00000249f7b30000 Exception <a 'java/net/SocketTimeoutException': connect timed out> (0x00000000eda7f550) thrown at [C:\jenkins\workspace\8-2-build-windows-amd64-cygwin\jdk8u333\2551\hotspot\src\share\vm\prims\jni.cpp, line 737]
Event: 19.842 Thread 0x00000249f7b30000 Exception <a 'java/net/SocketTimeoutException': connect timed out> (0x00000000eda80a30) thrown at [C:\jenkins\workspace\8-2-build-windows-amd64-cygwin\jdk8u333\2551\hotspot\src\share\vm\prims\jni.cpp, line 737]

Events (10 events):
Event: 23.915 Executing VM operation: RevokeBias
Event: 23.915 Executing VM operation: RevokeBias done
Event: 23.915 Executing VM operation: RevokeBias
Event: 23.915 Executing VM operation: RevokeBias done
Event: 24.602 loading class org/openqa/selenium/remote/RemoteWebDriver$RemoteWebDriverOptions$RemoteWindow
Event: 24.602 loading class org/openqa/selenium/remote/RemoteWebDriver$RemoteWebDriverOptions$RemoteWindow done
Event: 24.609 Executing VM operation: RevokeBias
Event: 24.609 Executing VM operation: RevokeBias done
Event: 24.610 Executing VM operation: RevokeBias
Event: 24.610 Executing VM operation: RevokeBias done


Dynamic libraries:
0x00007ff7b4620000 - 0x00007ff7b4667000 	C:\Program Files\Java\jdk1.8.0_333\bin\java.exe
0x00007ffa82b30000 - 0x00007ffa82d27000 	C:\Windows\SYSTEM32\ntdll.dll
0x00007ffa828b0000 - 0x00007ffa8296d000 	C:\Windows\System32\KERNEL32.DLL
0x00007ffa806f0000 - 0x00007ffa809bd000 	C:\Windows\System32\KERNELBASE.dll
0x00007ffa816f0000 - 0x00007ffa8179e000 	C:\Windows\System32\ADVAPI32.dll
0x00007ffa82a50000 - 0x00007ffa82aee000 	C:\Windows\System32\msvcrt.dll
0x00007ffa80bc0000 - 0x00007ffa80c5c000 	C:\Windows\System32\sechost.dll
0x00007ffa80d20000 - 0x00007ffa80e45000 	C:\Windows\System32\RPCRT4.dll
0x00007ffa826b0000 - 0x00007ffa82850000 	C:\Windows\System32\USER32.dll
0x00007ffa80250000 - 0x00007ffa80272000 	C:\Windows\System32\win32u.dll
0x00007ffa82680000 - 0x00007ffa826aa000 	C:\Windows\System32\GDI32.dll
0x00007ffa80380000 - 0x00007ffa8048b000 	C:\Windows\System32\gdi32full.dll
0x00007ffa809c0000 - 0x00007ffa80a5d000 	C:\Windows\System32\msvcp_win.dll
0x00007ffa80490000 - 0x00007ffa80590000 	C:\Windows\System32\ucrtbase.dll
0x00007ffa75cb0000 - 0x00007ffa75f4a000 	C:\Windows\WinSxS\amd64_microsoft.windows.common-controls_6595b64144ccf1df_6.0.19041.1110_none_60b5254171f9507e\COMCTL32.dll
0x00007ffa80b90000 - 0x00007ffa80bc0000 	C:\Windows\System32\IMM32.DLL
0x00007ffa7b170000 - 0x00007ffa7b185000 	C:\Program Files\Java\jdk1.8.0_333\jre\bin\vcruntime140.dll
0x00007ffa60ca0000 - 0x00007ffa60d3b000 	C:\Program Files\Java\jdk1.8.0_333\jre\bin\msvcp140.dll
0x0000000054320000 - 0x0000000054b81000 	C:\Program Files\Java\jdk1.8.0_333\jre\bin\server\jvm.dll
0x00007ffa817a0000 - 0x00007ffa817a8000 	C:\Windows\System32\PSAPI.DLL
0x00007ffa75070000 - 0x00007ffa75079000 	C:\Windows\SYSTEM32\WSOCK32.dll
0x00007ffa817b0000 - 0x00007ffa8181b000 	C:\Windows\System32\WS2_32.dll
0x00007ffa7a540000 - 0x00007ffa7a54a000 	C:\Windows\SYSTEM32\VERSION.dll
0x00007ffa75c10000 - 0x00007ffa75c37000 	C:\Windows\SYSTEM32\WINMM.dll
0x00007ffa7eb30000 - 0x00007ffa7eb42000 	C:\Windows\SYSTEM32\kernel.appcore.dll
0x00007ffa7b240000 - 0x00007ffa7b250000 	C:\Program Files\Java\jdk1.8.0_333\jre\bin\verify.dll
0x00007ffa7b0e0000 - 0x00007ffa7b10b000 	C:\Program Files\Java\jdk1.8.0_333\jre\bin\java.dll
0x00007ffa67bb0000 - 0x00007ffa67be0000 	C:\Program Files\Java\jdk1.8.0_333\jre\bin\instrument.dll
0x00007ffa7b0c0000 - 0x00007ffa7b0d8000 	C:\Program Files\Java\jdk1.8.0_333\jre\bin\zip.dll
0x00007ffa81820000 - 0x00007ffa81f64000 	C:\Windows\System32\SHELL32.dll
0x00007ffa7e230000 - 0x00007ffa7e9c4000 	C:\Windows\SYSTEM32\windows.storage.dll
0x00007ffa82040000 - 0x00007ffa82394000 	C:\Windows\System32\combase.dll
0x00007ffa7fbe0000 - 0x00007ffa7fc0c000 	C:\Windows\SYSTEM32\Wldp.dll
0x00007ffa82420000 - 0x00007ffa824cd000 	C:\Windows\System32\SHCORE.dll
0x00007ffa80ef0000 - 0x00007ffa80f45000 	C:\Windows\System32\shlwapi.dll
0x00007ffa80190000 - 0x00007ffa801af000 	C:\Windows\SYSTEM32\profapi.dll
0x00007ffa72d70000 - 0x00007ffa72d8a000 	C:\Program Files\JetBrains\IntelliJ IDEA Community Edition 2022.1.2\bin\breakgen64.dll
0x00007ffa7b070000 - 0x00007ffa7b08c000 	C:\Program Files\Java\jdk1.8.0_333\jre\bin\net.dll
0x00007ffa7f940000 - 0x00007ffa7f9aa000 	C:\Windows\system32\mswsock.dll
0x00007ffa7a760000 - 0x00007ffa7a773000 	C:\Program Files\Java\jdk1.8.0_333\jre\bin\nio.dll
0x00007ffa7fb30000 - 0x00007ffa7fb48000 	C:\Windows\SYSTEM32\CRYPTSP.dll
0x00007ffa7f2c0000 - 0x00007ffa7f2f4000 	C:\Windows\system32\rsaenh.dll
0x00007ffa80b60000 - 0x00007ffa80b87000 	C:\Windows\System32\bcrypt.dll
0x00007ffa800c0000 - 0x00007ffa800ee000 	C:\Windows\SYSTEM32\USERENV.dll
0x00007ffa80280000 - 0x00007ffa80302000 	C:\Windows\System32\bcryptprimitives.dll
0x00007ffa7fb50000 - 0x00007ffa7fb5c000 	C:\Windows\SYSTEM32\CRYPTBASE.dll
0x00007ffa7f630000 - 0x00007ffa7f66b000 	C:\Windows\SYSTEM32\IPHLPAPI.DLL
0x00007ffa80c60000 - 0x00007ffa80c68000 	C:\Windows\System32\NSI.dll
0x00007ffa779a0000 - 0x00007ffa779b7000 	C:\Windows\SYSTEM32\dhcpcsvc6.DLL
0x00007ffa78a90000 - 0x00007ffa78aad000 	C:\Windows\SYSTEM32\dhcpcsvc.DLL
0x00007ffa7f670000 - 0x00007ffa7f73b000 	C:\Windows\SYSTEM32\DNSAPI.dll
0x00007ffa670a0000 - 0x00007ffa670c4000 	C:\Program Files\Java\jdk1.8.0_333\jre\bin\sunec.dll
0x00007ffa76940000 - 0x00007ffa7694a000 	C:\Windows\System32\rasadhlp.dll
0x00007ffa76980000 - 0x00007ffa76a00000 	C:\Windows\System32\fwpuclnt.dll
0x00007ffa7b200000 - 0x00007ffa7b20d000 	C:\Program Files\Java\jdk1.8.0_333\jre\bin\management.dll
0x00007ffa2d930000 - 0x00007ffa2d947000 	C:\Windows\system32\napinsp.dll
0x00007ffa2d880000 - 0x00007ffa2d89b000 	C:\Windows\system32\pnrpnsp.dll
0x00007ffa66070000 - 0x00007ffa66085000 	C:\Windows\system32\wshbth.dll
0x00007ffa7a560000 - 0x00007ffa7a57d000 	C:\Windows\system32\NLAapi.dll
0x00007ffa2d860000 - 0x00007ffa2d872000 	C:\Windows\System32\winrnr.dll
0x00007ffa7e040000 - 0x00007ffa7e224000 	C:\Windows\SYSTEM32\dbghelp.dll

VM Arguments:
jvm_args: -ea -DnodeNamesHandler=org.jetbrains.plugins.cucumber.java.run.CucumberTestTreeNodeManager -Didea.test.cyclic.buffer.size=1048576 -javaagent:C:\Program Files\JetBrains\IntelliJ IDEA Community Edition 2022.1.2\lib\idea_rt.jar=50236:C:\Program Files\JetBrains\IntelliJ IDEA Community Edition 2022.1.2\bin -Dfile.encoding=UTF-8 
java_command: com.intellij.rt.junit.JUnitStarter -ideVersion5 -junit4 testRunner.testRun
java_class_path (initial): C:\Program Files\JetBrains\IntelliJ IDEA Community Edition 2022.1.2\lib\idea_rt.jar;C:\Program Files\JetBrains\IntelliJ IDEA Community Edition 2022.1.2\plugins\junit\lib\junit5-rt.jar;C:\Program Files\JetBrains\IntelliJ IDEA Community Edition 2022.1.2\plugins\junit\lib\junit-rt.jar;C:\Program Files\Java\jdk1.8.0_333\jre\lib\charsets.jar;C:\Program Files\Java\jdk1.8.0_333\jre\lib\deploy.jar;C:\Program Files\Java\jdk1.8.0_333\jre\lib\ext\access-bridge-64.jar;C:\Program Files\Java\jdk1.8.0_333\jre\lib\ext\cldrdata.jar;C:\Program Files\Java\jdk1.8.0_333\jre\lib\ext\dnsns.jar;C:\Program Files\Java\jdk1.8.0_333\jre\lib\ext\jaccess.jar;C:\Program Files\Java\jdk1.8.0_333\jre\lib\ext\jfxrt.jar;C:\Program Files\Java\jdk1.8.0_333\jre\lib\ext\localedata.jar;C:\Program Files\Java\jdk1.8.0_333\jre\lib\ext\nashorn.jar;C:\Program Files\Java\jdk1.8.0_333\jre\lib\ext\sunec.jar;C:\Program Files\Java\jdk1.8.0_333\jre\lib\ext\sunjce_provider.jar;C:\Program Files\Java\jdk1.8.0_333\jre\lib\ext\sunmscapi.jar;C:\Program Files\Java\jdk1.8.0_333\jre\lib\ext\sunpkcs11.jar;C:\Program Files\Java\jdk1.8.0_333\jre\lib\ext\zipfs.jar;C:\Program Files\Java\jdk1.8.0_333\jre\lib\javaws.jar;C:\Program Files\Java\jdk1.8.0_333\jre\lib\jce.jar;C:\Program Files\Java\jdk1.8.0_333\jre\lib\jfr.jar;C:\Program Files\Java\jdk1.8.0_333\jre\lib\jfxswt.jar;C:\Program Files\Java\jdk1.8.0_333\jre\lib\jsse.jar;C:\Program Files\Java\jdk1.8.0_333\jre\lib\management-agent.jar;C:\Program Files\Java\jdk1.8.0_333\jre\lib\plugin.jar;C:\Program Files\Java\jdk1.8.0_333\jre\lib\resources.jar;C:\Program Files\Java\jdk1.8.0_333\jre\lib\rt.jar;C:\Users\15483\IdeaProjects\retail_website\retail_website\target\test-classes;C:\Users\15483\IdeaProjects\retail_website\retail_website\target\classes;C:\Users\15483\.m2\repository\org\seleniumhq\selenium\selenium-java\4.0.0-beta-3\selenium-java-4.0.0-beta-3.jar;C:\Users\15483\.m2\repository\org\seleniumhq\selenium\selenium-api\4.0.0-beta-3\selenium-api-4.0.0-beta
Launcher Type: SUN_STANDARD

Environment Variables:
JAVA_HOME=C:\Program Files\Java\jdk-17.0.2\bin
PATH=C:\Program Files\Common Files\Oracle\Java\javapath;C:\Program Files (x86)\Common Files\Oracle\Java\javapath;C:\Windows\system32;C:\Windows;C:\Windows\System32\Wbem;C:\Windows\System32\WindowsPowerShell\v1.0\;C:\Windows\System32\OpenSSH\;C:\Program Files\dotnet\;C:\Users\15483\AppData\Local\Microsoft\WindowsApps;
USERNAME=15483
OS=Windows_NT
PROCESSOR_IDENTIFIER=Intel64 Family 6 Model 142 Stepping 9, GenuineIntel



---------------  S Y S T E M  ---------------

OS: Windows 10 , 64 bit Build 19041 (10.0.19041.1741)

CPU:total 4 (initial active 4) (2 cores per cpu, 2 threads per core) family 6 model 142 stepping 9, cmov, cx8, fxsr, mmx, sse, sse2, sse3, ssse3, sse4.1, sse4.2, popcnt, avx, avx2, aes, clmul, erms, 3dnowpref, lzcnt, ht, tsc, tscinvbit, bmi1, bmi2, adx

Memory: 4k page, physical 4060588k(92868k free), swap 16643500k(5500k free)

vm_info: Java HotSpot(TM) 64-Bit Server VM (25.333-b02) for windows-amd64 JRE (1.8.0_333-b02), built on Apr 25 2022 22:49:11 by "java_re" with MS VC++ 15.9 (VS2017)

time: Sun Jul 10 17:15:58 2022
timezone: Eastern Daylight Time
elapsed time: 24.934361 seconds (0d 0h 0m 24s)

